[0m09:24:12.727370 [debug] [MainThread]: Sending event: {'category': 'dbt', 'action': 'invocation', 'label': 'start', 'context': [<snowplow_tracker.self_describing_json.SelfDescribingJson object at 0x000001CC6EFB7990>, <snowplow_tracker.self_describing_json.SelfDescribingJson object at 0x000001CC6ECE9DD0>, <snowplow_tracker.self_describing_json.SelfDescribingJson object at 0x000001CC6EBEF010>]}


============================== 09:24:12.737723 | 2b70929b-b561-44f2-8e4e-f6f9a2b04523 ==============================
[0m09:24:12.737723 [info ] [MainThread]: Running with dbt=1.11.7
[0m09:24:12.739723 [debug] [MainThread]: running dbt with arguments {'version_check': 'True', 'no_print': 'None', 'static_parser': 'True', 'target_path': 'None', 'warn_error_options': 'WarnErrorOptionsV2(error=[], warn=[], silence=[])', 'printer_width': '80', 'write_json': 'True', 'empty': 'None', 'log_cache_events': 'False', 'introspect': 'True', 'cache_selected_only': 'False', 'fail_fast': 'False', 'debug': 'False', 'log_format': 'default', 'partial_parse': 'True', 'send_anonymous_usage_stats': 'True', 'quiet': 'False', 'warn_error': 'None', 'profiles_dir': 'C:\\Users\\kumar\\.dbt', 'use_colors': 'True', 'indirect_selection': 'eager', 'invocation_command': 'dbt init project', 'use_experimental_parser': 'False', 'log_path': 'logs'}
[0m09:24:12.814852 [info ] [MainThread]: Creating dbt configuration folder at C:\Users\kumar\.dbt
[0m09:24:12.821644 [debug] [MainThread]: Starter project path: c:\Users\kumar\AppData\Local\Programs\Python\Python311\Lib\site-packages\dbt\include\starter_project
[0m09:24:12.999982 [info ] [MainThread]: 
Your new dbt project "project" was created!

For more information on how to configure the profiles.yml file,
please consult the dbt documentation here:

  https://docs.getdbt.com/docs/configure-your-profile

One more thing:

Need help? Don't hesitate to reach out to us via GitHub issues or on Slack:

  https://community.getdbt.com/

Happy modeling!

[0m09:24:13.002930 [info ] [MainThread]: Setting up your profile.
[0m09:24:39.198584 [debug] [MainThread]: Snowflake adapter: Setting snowflake.connector to ERROR (file logging only)
[0m09:24:39.199581 [debug] [MainThread]: Snowflake adapter: Setting botocore to ERROR (file logging only)
[0m09:24:39.200582 [debug] [MainThread]: Snowflake adapter: Setting boto3 to ERROR (file logging only)
[0m09:29:52.382166 [info ] [MainThread]: Profile project written to C:\Users\kumar\.dbt\profiles.yml using target's profile_template.yml and your supplied values. Run 'dbt debug' to validate the connection.
[0m09:29:52.385169 [debug] [MainThread]: Command `dbt init` succeeded at 09:29:52.385169 after 339.92 seconds
[0m09:29:52.386123 [debug] [MainThread]: Sending event: {'category': 'dbt', 'action': 'invocation', 'label': 'end', 'context': [<snowplow_tracker.self_describing_json.SelfDescribingJson object at 0x000001CC6ECE9CD0>, <snowplow_tracker.self_describing_json.SelfDescribingJson object at 0x000001CC6848DE10>, <snowplow_tracker.self_describing_json.SelfDescribingJson object at 0x000001CC681AC090>]}
[0m09:29:52.388246 [debug] [MainThread]: Flushing usage events
[0m09:29:53.804297 [debug] [MainThread]: An error was encountered while trying to flush usage events
